\BOOKMARK [1][-]{section.1}{\376\377\000W\000s\000t\001\031\000p}{}% 1
\BOOKMARK [1][-]{section.2}{\376\377\000T\000e\000o\000r\000i\000a}{}% 2
\BOOKMARK [2][-]{subsection.2.1}{\376\377\000D\000y\000s\000k\000r\000e\000t\000n\000a\000\040\000t\000r\000a\000n\000s\000f\000o\000r\000m\000a\000t\000a\000\040\000F\000o\000u\000r\000i\000e\000r\000a\000\040\000\050\000D\000F\000T\000\051}{section.2}% 3
\BOOKMARK [2][-]{subsection.2.2}{\376\377\000B\000r\000a\000m\000k\000a\000\040\000s\000z\000u\000m\000\363\000w}{section.2}% 4
\BOOKMARK [2][-]{subsection.2.3}{\376\377\000F\000i\000l\000t\000r\000\040\000S\000a\000v\000i\000t\000z\000k\000y\000'\000e\000g\000o\000-\000G\000o\000l\000a\000y\000a}{section.2}% 5
\BOOKMARK [2][-]{subsection.2.4}{\376\377\000O\000c\000e\000n\000a\000\040\000m\000o\000d\000e\000l\000i}{section.2}% 6
\BOOKMARK [2][-]{subsection.2.5}{\376\377\000S\000t\000a\000n\000d\000a\000r\000y\000z\000a\000c\000j\000a}{section.2}% 7
\BOOKMARK [2][-]{subsection.2.6}{\376\377\000S\000V\000M}{section.2}% 8
\BOOKMARK [2][-]{subsection.2.7}{\376\377\000S\000i\000e\001\007\000\040\000n\000e\000u\000r\000o\000n\000o\000w\000a}{section.2}% 9
\BOOKMARK [1][-]{section.3}{\376\377\000N\000a\000r\000z\001\031\000d\000z\000i\000a\000\040\000i\000\040\000i\000n\000n\000e}{}% 10
\BOOKMARK [2][-]{subsection.3.1}{\376\377\000N\000a\000g\000r\000y\000w\000a\000n\000i\000e\000\040\000d\000a\000n\000y\000c\000h\000\040\000o\000d\000d\000e\000c\000h\000o\000w\000y\000c\000h}{section.3}% 11
\BOOKMARK [2][-]{subsection.3.2}{\376\377\000O\000d\000d\000y\000c\000h\000a\000n\000i\000e\000\040\000n\000a\000\040\001\174\000y\000w\000o}{section.3}% 12
\BOOKMARK [2][-]{subsection.3.3}{\376\377\000P\000r\000z\000e\000l\000i\000c\000z\000a\000n\000i\000e\000\040\000c\000z\001\031\000s\000t\000o\000t\000l\000i\000w\000o\001\133\000c\000i\000\040\000z\000\040\000D\000F\000T}{section.3}% 13
\BOOKMARK [1][-]{section.4}{\376\377\000P\000o\000c\000z\001\005\000t\000k\000o\000w\000o\000\040\000p\000r\000z\000y\000j\001\031\000t\000y\000\040\000m\000o\000d\000e\000l\000\040\000o\000d\000d\000e\000c\000h\000u}{}% 14
\BOOKMARK [1][-]{section.5}{\376\377\000P\000i\000e\000r\000w\000o\000t\000n\000e\000\040\000p\000o\000d\000e\000j\001\133\000c\000i\000e\000\040\000-\000\040\001\133\000r\000e\000d\000n\000i\000a\000\040\000c\000z\001\031\000s\000t\000o\000t\000l\000i\000w\000o\001\133\001\007\000\040\000w\000\040\000c\000z\000a\000s\000i\000e}{}% 15
\BOOKMARK [2][-]{subsection.5.1}{\376\377\000M\000e\000t\000o\000d\000a}{section.5}% 16
\BOOKMARK [2][-]{subsection.5.2}{\376\377\000P\000r\000o\000b\000l\000e\000m\000y}{section.5}% 17
\BOOKMARK [1][-]{section.6}{\376\377\000W\000y\000k\000o\000r\000z\000y\000s\000t\000a\000n\000i\000e\000\040\000s\000p\000e\000k\000t\000r\000o\000g\000r\000a\000m\000u}{}% 18
\BOOKMARK [2][-]{subsection.6.1}{\376\377\000Z\000a\001\102\000o\001\174\000e\000n\000i\000e}{section.6}% 19
\BOOKMARK [2][-]{subsection.6.2}{\376\377\000M\000e\000t\000o\000d\000a}{section.6}% 20
\BOOKMARK [2][-]{subsection.6.3}{\376\377\000K\000l\000u\000c\000z\000o\000w\000e\000\040\000c\000z\001\031\000s\000t\000o\000t\000l\000i\000w\000o\001\133\000c\000i}{section.6}% 21
\BOOKMARK [2][-]{subsection.6.4}{\376\377\000P\000o\000p\000r\000z\000e\000d\000n\000i\000\040\000s\000t\000a\000n}{section.6}% 22
\BOOKMARK [2][-]{subsection.6.5}{\376\377\000P\000r\000o\000b\000l\000e\000m\000y}{section.6}% 23
\BOOKMARK [1][-]{section.7}{\376\377\000S\000i\000e\001\007\000\040\000n\000e\000u\000r\000o\000n\000o\000w\000a}{}% 24
\BOOKMARK [2][-]{subsection.7.1}{\376\377\000Z\000a\001\102\000o\001\174\000e\000n\000i\000e}{section.7}% 25
\BOOKMARK [2][-]{subsection.7.2}{\376\377\000M\000e\000t\000o\000d\000a}{section.7}% 26
\BOOKMARK [2][-]{subsection.7.3}{\376\377\000W\000y\000k\000o\000r\000z\000y\000s\000t\000y\000w\000a\000n\000e\000\040\000p\000r\000\363\000b\000k\000i}{section.7}% 27
\BOOKMARK [2][-]{subsection.7.4}{\376\377\000P\000r\000o\000b\000l\000e\000m\000y}{section.7}% 28
\BOOKMARK [1][-]{section.8}{\376\377\000P\000r\000z\000e\000j\001\133\000c\000i\000e\000\040\000n\000a\000\040\000i\000n\000n\000y\000\040\000m\000o\000d\000e\000l\000\040\000o\000d\000d\000y\000c\000h\000a\000n\000i\000a}{}% 29
\BOOKMARK [2][-]{subsection.8.1}{\376\377\000W\000y\000d\000e\000c\000h\000\040\000n\000o\000s\000e\000m}{section.8}% 30
\BOOKMARK [2][-]{subsection.8.2}{\376\377\000K\000l\000u\000c\000z\000o\000w\000e\000\040\000c\000z\001\031\000s\000t\000o\000t\000l\000i\000w\000o\001\133\000c\000i}{section.8}% 31
\BOOKMARK [2][-]{subsection.8.3}{\376\377\000U\000s\000u\000w\000a\000n\000i\000e\000\040\000c\000i\000s\000z\000y}{section.8}% 32
\BOOKMARK [1][-]{section.9}{\376\377\000M\000a\000s\000z\000y\000n\000a\000\040\000s\000t\000a\000n\000\363\000w\000\040\000d\000o\000\040\000z\000w\000i\001\031\000k\000s\000z\000a\000n\000i\000a\000\040\000i\000n\000e\000r\000c\000j\000i}{}% 33
\BOOKMARK [2][-]{subsection.9.1}{\376\377\000C\000e\000l}{section.9}% 34
\BOOKMARK [2][-]{subsection.9.2}{\376\377\000S\000c\000h\000e\000m\000a\000t}{section.9}% 35
\BOOKMARK [2][-]{subsection.9.3}{\376\377\000R\000e\000z\000u\000l\000t\000a\000t}{section.9}% 36
\BOOKMARK [1][-]{section.10}{\376\377\000W\000n\000i\000o\000s\000k\000i}{}% 37
\BOOKMARK [1][-]{section.11}{\376\377\001\171\000r\000\363\000d\001\102\000a}{}% 38
